<?xml version="1.0" encoding="utf-8"?><testsuites name="pytest tests"><testsuite name="pytest" errors="0" failures="0" skipped="0" tests="28" time="7.111" timestamp="2026-05-03T21:11:54.027369+00:00" hostname="agent-env-18e73e89-1e31-438f-a842-1b4f29f66819"><testcase classname="backend.tests.test_team_workspace.TestAuthTeamFields" name="test_register_returns_team_fields" time="0.391" /><testcase classname="backend.tests.test_team_workspace.TestAuthTeamFields" name="test_login_returns_team_fields" time="0.289" /><testcase classname="backend.tests.test_team_workspace.TestAuthTeamFields" name="test_me_returns_team_fields" time="0.058" /><testcase classname="backend.tests.test_team_workspace.TestAuthTeamFields" name="test_legacy_user_backfilled" time="0.285" /><testcase classname="backend.tests.test_team_workspace.TestTeamInvitations" name="test_list_members_initial" time="0.078" /><testcase classname="backend.tests.test_team_workspace.TestTeamInvitations" name="test_invite_teammate_and_duplicate" time="0.422" /><testcase classname="backend.tests.test_team_workspace.TestTeamInvitations" name="test_invite_existing_user_rejected" time="0.055" /><testcase classname="backend.tests.test_team_workspace.TestTeamInvitations" name="test_list_invitations" time="0.069" /><testcase classname="backend.tests.test_team_workspace.TestTeamInvitations" name="test_resend_invitation" time="0.235" /><testcase classname="backend.tests.test_team_workspace.TestTeamInvitations" name="test_public_get_invitation" time="0.059" /><testcase classname="backend.tests.test_team_workspace.TestTeamInvitations" name="test_cancel_invitation_then_public_404" time="0.366" /><testcase classname="backend.tests.test_team_workspace.TestInviteAccept" name="test_accept_sets_member" time="0.489" /><testcase classname="backend.tests.test_team_workspace.TestInviteAccept" name="test_get_invitation_after_accept_fails" time="0.062" /><testcase classname="backend.tests.test_team_workspace.TestInviteAccept" name="test_member_me_team_fields" time="0.057" /><testcase classname="backend.tests.test_team_workspace.TestInviteAccept" name="test_members_list_shows_both" time="0.055" /><testcase classname="backend.tests.test_team_workspace.TestInviteAccept" name="test_member_can_view_members" time="0.067" /><testcase classname="backend.tests.test_team_workspace.TestCandidateScoping" name="test_member_sees_all_workspace_candidates" time="0.185" /><testcase classname="backend.tests.test_team_workspace.TestCandidateScoping" name="test_owner_sees_member_candidate" time="0.056" /><testcase classname="backend.tests.test_team_workspace.TestCandidateScoping" name="test_member_cannot_edit_owner_candidate" time="0.056" /><testcase classname="backend.tests.test_team_workspace.TestCandidateScoping" name="test_member_cannot_delete_owner_candidate" time="0.055" /><testcase classname="backend.tests.test_team_workspace.TestCandidateScoping" name="test_member_can_edit_own_candidate" time="0.059" /><testcase classname="backend.tests.test_team_workspace.TestCandidateScoping" name="test_generate_followup_on_teammate_candidate" time="2.347" /><testcase classname="backend.tests.test_team_workspace.TestOwnerGuards" name="test_member_cannot_invite" time="0.055" /><testcase classname="backend.tests.test_team_workspace.TestOwnerGuards" name="test_member_cannot_list_invitations" time="0.060" /><testcase classname="backend.tests.test_team_workspace.TestOwnerGuards" name="test_member_cannot_remove_owner" time="0.082" /><testcase classname="backend.tests.test_team_workspace.TestOwnerGuards" name="test_owner_cannot_remove_self" time="0.059" /><testcase classname="backend.tests.test_team_workspace.TestExtensionPushScoping" name="test_member_push_creates_workspace_candidate" time="0.189" /><testcase classname="backend.tests.test_team_workspace.TestRemoveMember" name="test_owner_removes_member_and_candidates_remain" time="0.758" /></testsuite></testsuites>